<?xml version="1.0" encoding="UTF-8"?>
<testsuite name="buffet.CompraServiceSpec" tests="1" skipped="0" failures="0" errors="0" timestamp="2022-10-09T16:01:53" hostname="pop-os" time="0.0">
  <properties/>
  <testcase name="test something" classname="buffet.CompraServiceSpec" time="0.0"/>
  <system-out><![CDATA[]]></system-out>
  <system-err><![CDATA[]]></system-err>
</testsuite>
