<?xml version="1.0" encoding="UTF-8"?>
<testsuite name="buffet.ClienteSpec" tests="3" skipped="0" failures="0" errors="0" timestamp="2022-10-09T16:01:53" hostname="pop-os" time="0.053">
  <properties/>
  <testcase name="dado un cliente que tiene 10 pesos de saldo y compro un pancho de 5 pesos me terminan quedando de saldo 5 pesos" classname="buffet.ClienteSpec" time="0.047"/>
  <testcase name="dado un cliente que tiene 10 pesos de saldo y compro un pancho de 15 pesos no puede comprarlo xq no tiene saldo suficiente" classname="buffet.ClienteSpec" time="0.003"/>
  <testcase name="dado un cliente que compra un pancho y habia 10 panchos de stock luego quedan 9 panchos" classname="buffet.ClienteSpec" time="0.001"/>
  <system-out><![CDATA[]]></system-out>
  <system-err><![CDATA[]]></system-err>
</testsuite>
