<?xml version="1.0" encoding="UTF-8"?>
<testsuite name="buffet.DineroSpec" tests="2" skipped="0" failures="0" errors="0" timestamp="2022-10-09T16:01:53" hostname="pop-os" time="0.002">
  <properties/>
  <testcase name="tengo dos pesos le sumo 3 pesos y obtengo 5 pesos" classname="buffet.DineroSpec" time="0.001"/>
  <testcase name="no puedo tener dinero negativo" classname="buffet.DineroSpec" time="0.001"/>
  <system-out><![CDATA[]]></system-out>
  <system-err><![CDATA[]]></system-err>
</testsuite>
